- 03:25:52.000 INFO: --------------------------------------------------------
- 03:25:52.000 INFO: Started application
- 03:25:52.000 INFO: Logging to: C:\temp\Applications\PortableGit\repository\phpdesktop\debug.log
- 03:25:52.000 INFO: Log level = DEBUG4
- 03:25:52.000 INFO: Starting Mongoose 3.9c web server
- 03:25:52.000 INFO: WWW directory: C:\temp\Applications\PortableGit\repository\phpdesktop\www
- 03:25:52.000 INFO: Index files: index.html,index.php
- 03:25:52.000 INFO: CGI interpreter: C:\temp\Applications\PortableGit\repository\phpdesktop\php\php-cgi.exe
- 03:25:52.000 INFO: CGI pattern: **.php$
- 03:25:52.000 DEBUG: The temp directory returned by OS contains unicode characters: C:\Users\IBM_AD~1\AppData\Local\Temp\
- 03:25:52.000 INFO: CGI environment variables set: TMP=C:\windows\Temp,TEMP=C:\windows\Temp,TMPDIR=C:\windows\Temp,SERVER_NAME=127.0.0.1,PHPDESKTOP_VERSION=31.8
- 03:25:52.015 INFO: Web server url: http://127.0.0.1:54509/
- 03:25:52.015 INFO: remote_debugging_port = 50809
- 03:25:52.015 DEBUG: Command line string for the browser process: "C:\temp\Applications\PortableGit\repository\phpdesktop\phpdesktop-chrome.exe" --lang=en-US --log-file="C:\temp\Applications\PortableGit\repository\phpdesktop\debug.log" --remote-debugging-port=50809 --no-sandbox
- 03:25:52.046 DEBUG: App::OnContextInitialized()
- 03:25:52.046 DEBUG: Window max width/height = 1278/684
- 03:25:52.046 DEBUG: GetBrowserWindow(): not found, hwnd = 402756
- 03:25:52.046 DEBUG: WindowProc(): event WM_GETMINMAXINFO: could not fetch BrowserWindow
- 03:25:52.046 DEBUG: BrowserWindow::CreateBrowserControl()
- 03:25:52.046 DEBUG: StoreBrowserWindow(): hwnd = 402756
- 03:25:53.062 DEBUG: BrowserWindow::OnSize() failed: CefBrowser object not created yet
- 03:25:53.062 DEBUG: ClientHandler::OnAfterCreated()
- 03:25:53.062 DEBUG: SetCefBrowser() called in ClientHandler::OnAfterCreated()
- 03:25:53.078 INFO: DPI, ppix = 96, ppiy = 96
- 03:25:53.078 INFO: DPI, browser zoom level = 0
- 03:25:53.093 DEBUG: OnLoadingStateChange: loading=1, url=
- 03:25:53.000 DEBUG: Command line string for the gpu-process process: "C:\temp\Applications\PortableGit\repository\phpdesktop\phpdesktop-chrome.exe" --type=gpu-process --channel="11868.0.1414300534\684419867" --no-sandbox --lang=en-US --log-file="C:\temp\Applications\PortableGit\repository\phpdesktop\debug.log" --disable-d3d11 --supports-dual-gpus=false --gpu-driver-bug-workarounds=0,3,5,12,22 --gpu-vendor-id=0x8086 --gpu-device-id=0x1616 --gpu-driver-vendor="Intel Corporation" --gpu-driver-version=10.18.14.4029 --lang=en-US --log-file="C:\temp\Applications\PortableGit\repository\phpdesktop\debug.log" /prefetch:822062411
- 03:25:53.000 DEBUG: Command line string for the renderer process: "C:\temp\Applications\PortableGit\repository\phpdesktop\phpdesktop-chrome.exe" --type=renderer --no-sandbox --lang=en-US --lang=en-US --log-file="C:\temp\Applications\PortableGit\repository\phpdesktop\debug.log" --channel="11868.1.348668652\1125954762" /prefetch:673131151
- 03:25:53.016 DEBUG: OnBrowserCreated()
- 03:25:53.546 INFO: GET 200 /
- 03:25:53.437 DEBUG: OnContextCreated()
- 03:25:53.592 INFO: GET 200 /jquery/demos/_assets/js/index.js
- 03:25:53.608 INFO: GET 200 /jquery/demos/css/themes/default/jquery.mobile-1.4.5.min.css
- 03:25:53.624 INFO: GET 200 /jquery/demos/js/jquery.mobile-1.4.5.min.js
- 03:25:53.624 INFO: GET 200 /jquery/demos/js/jquery.js
- 03:25:56.338 INFO: GET 200 /jquery/demos/css/themes/default/images/ajax-loader.gif
[0218/032556:INFO:CONSOLE(0)] "event.returnValue is deprecated. Please use the standard event.preventDefault() instead.", source:  (0)
- 03:25:58.413 DEBUG: OnLoadingStateChange: loading=0, url=http://127.0.0.1:54509/
- 03:26:06.182 INFO: GET 200 /login.php?uname=jaytester&pass=jaytester
- 03:26:07.991 INFO: GET 200 /getHero.php?key=1bbd1460d04c5580bd6da1e714e87f37
- 03:26:18.272 DEBUG: F12 pressed, opening developer tools
- 03:26:18.272 INFO: DevTools url: http://127.0.0.1:50809/devtools/devtools.html?ws=127.0.0.1:50809/devtools/page/30433e70a3c5635209f60c222f765af7
- 03:26:18.272 DEBUG: Window max width/height = 1278/684
- 03:26:18.272 DEBUG: Window max size exceeded, new width/height = 1024/684
- 03:26:18.272 DEBUG: BrowserWindow::BrowserWindow() created for Popup
- 03:26:18.272 DEBUG: StoreBrowserWindow(): hwnd = 730458
- 03:26:18.272 DEBUG: BrowserWindow::OnSize() failed: CefBrowser object not created yet
- 03:26:18.272 DEBUG: ClientHandler::OnAfterCreated()
- 03:26:18.272 DEBUG: SetCefBrowser() called in ClientHandler::OnAfterCreated()
- 03:26:18.287 DEBUG: OnLoadingStateChange: loading=1, url=
- 03:26:18.000 DEBUG: Command line string for the renderer process: "C:\temp\Applications\PortableGit\repository\phpdesktop\phpdesktop-chrome.exe" --type=renderer --no-sandbox --lang=en-US --lang=en-US --log-file="C:\temp\Applications\PortableGit\repository\phpdesktop\debug.log" --channel="11868.2.1406700844\1294334565" /prefetch:673131151
- 03:26:18.016 DEBUG: OnBrowserCreated()
- 03:26:18.032 DEBUG: OnContextCreated()
- 03:26:18.599 DEBUG: OnLoadingStateChange: loading=0, url=http://127.0.0.1:50809/devtools/devtools.html?ws=127.0.0.1:50809/devtools/page/30433e70a3c5635209f60c222f765af7
- 03:26:18.724 INFO: GET 200 /jquery/demos/js/jquery.mobile-1.4.5.min.map
- 03:26:22.265 INFO: GET 200 /doVisit.php?key=1bbd1460d04c5580bd6da1e714e87f37
- 03:26:27.226 INFO: GET 200 /doVisit.php?key=1bbd1460d04c5580bd6da1e714e87f37
- 03:26:32.296 INFO: GET 200 /doVisit.php?key=1bbd1460d04c5580bd6da1e714e87f37
- 03:26:37.257 INFO: GET 200 /doVisit.php?key=1bbd1460d04c5580bd6da1e714e87f37
- 03:26:38.599 INFO: GET 200 /doArena.php?key=1bbd1460d04c5580bd6da1e714e87f37&hero=0
- 03:26:39.769 INFO: GET 304 /jquery/demos/css/themes/default/images/ajax-loader.gif
- 03:26:40.268 INFO: GET 304 /jquery/demos/css/themes/default/images/ajax-loader.gif
- 03:26:42.686 INFO: GET 200 /doVisit.php?key=1bbd1460d04c5580bd6da1e714e87f37
- 03:26:43.622 INFO: GET 200 /doArena.php?key=1bbd1460d04c5580bd6da1e714e87f37&hero=0
- 03:26:44.761 INFO: GET 304 /jquery/demos/css/themes/default/images/ajax-loader.gif
- 03:26:45.275 INFO: GET 304 /jquery/demos/css/themes/default/images/ajax-loader.gif
- 03:26:47.288 INFO: GET 200 /doVisit.php?key=1bbd1460d04c5580bd6da1e714e87f37
- 03:26:48.614 INFO: GET 200 /doArena.php?key=1bbd1460d04c5580bd6da1e714e87f37&hero=0
- 03:26:49.768 INFO: GET 304 /jquery/demos/css/themes/default/images/ajax-loader.gif
- 03:26:50.267 INFO: GET 304 /jquery/demos/css/themes/default/images/ajax-loader.gif
- 03:26:52.249 INFO: GET 200 /doVisit.php?key=1bbd1460d04c5580bd6da1e714e87f37
- 03:26:53.590 INFO: GET 200 /doArena.php?key=1bbd1460d04c5580bd6da1e714e87f37&hero=0
- 03:26:54.776 INFO: GET 304 /jquery/demos/css/themes/default/images/ajax-loader.gif
- 03:26:55.260 INFO: GET 304 /jquery/demos/css/themes/default/images/ajax-loader.gif
- 03:26:57.241 INFO: GET 200 /doVisit.php?key=1bbd1460d04c5580bd6da1e714e87f37
- 03:26:58.598 INFO: GET 200 /doArena.php?key=1bbd1460d04c5580bd6da1e714e87f37&hero=0
- 03:26:59.565 DEBUG: WM_DESTROY
- 03:26:59.565 DEBUG: RemoveBrowserWindow(): hwnd = 730458
- 03:26:59.565 DEBUG: RemoveBrowserWindow(): hwnd = 861522
- 03:26:59.565 DEBUG: GetBrowserWindow(): not found, hwnd = 861522
- 03:26:59.565 WARNING: RemoveBrowserWindow() failed: GetBrowserWindow() failed
- 03:26:59.768 INFO: GET 304 /jquery/demos/css/themes/default/images/ajax-loader.gif
- 03:27:00.267 INFO: GET 304 /jquery/demos/css/themes/default/images/ajax-loader.gif
- 03:27:02.248 INFO: GET 200 /doVisit.php?key=1bbd1460d04c5580bd6da1e714e87f37
- 03:27:03.590 INFO: GET 200 /doArena.php?key=1bbd1460d04c5580bd6da1e714e87f37&hero=0
- 03:27:04.760 INFO: GET 304 /jquery/demos/css/themes/default/images/ajax-loader.gif
- 03:27:05.259 INFO: GET 304 /jquery/demos/css/themes/default/images/ajax-loader.gif
- 03:27:07.272 INFO: GET 200 /doVisit.php?key=1bbd1460d04c5580bd6da1e714e87f37
- 03:27:07.755 INFO: GET 200 /doArena.php?key=1bbd1460d04c5580bd6da1e714e87f37&hero=0
- 03:27:09.768 INFO: GET 304 /jquery/demos/css/themes/default/images/ajax-loader.gif
- 03:27:10.267 INFO: GET 304 /jquery/demos/css/themes/default/images/ajax-loader.gif
- 03:27:12.232 INFO: GET 200 /doVisit.php?key=1bbd1460d04c5580bd6da1e714e87f37
- 03:27:13.574 INFO: GET 200 /doArena.php?key=1bbd1460d04c5580bd6da1e714e87f37&hero=0
- 03:27:14.760 INFO: GET 304 /jquery/demos/css/themes/default/images/ajax-loader.gif
- 03:27:15.259 INFO: GET 304 /jquery/demos/css/themes/default/images/ajax-loader.gif
- 03:27:17.240 INFO: GET 200 /doVisit.php?key=1bbd1460d04c5580bd6da1e714e87f37
- 03:27:18.566 INFO: GET 200 /doArena.php?key=1bbd1460d04c5580bd6da1e714e87f37&hero=0
- 03:27:19.767 INFO: GET 304 /jquery/demos/css/themes/default/images/ajax-loader.gif
- 03:27:20.266 INFO: GET 304 /jquery/demos/css/themes/default/images/ajax-loader.gif
- 03:27:22.279 INFO: GET 200 /doVisit.php?key=1bbd1460d04c5580bd6da1e714e87f37
- 03:27:22.747 INFO: GET 200 /doArena.php?key=1bbd1460d04c5580bd6da1e714e87f37&hero=0
- 03:27:24.775 INFO: GET 304 /jquery/demos/css/themes/default/images/ajax-loader.gif
- 03:27:25.274 INFO: GET 304 /jquery/demos/css/themes/default/images/ajax-loader.gif
- 03:27:27.240 INFO: GET 200 /doVisit.php?key=1bbd1460d04c5580bd6da1e714e87f37
- 03:27:28.519 INFO: GET 200 /doArena.php?key=1bbd1460d04c5580bd6da1e714e87f37&hero=0
- 03:27:29.767 INFO: GET 304 /jquery/demos/css/themes/default/images/ajax-loader.gif
- 03:27:30.266 INFO: GET 304 /jquery/demos/css/themes/default/images/ajax-loader.gif
- 03:27:32.247 INFO: GET 200 /doVisit.php?key=1bbd1460d04c5580bd6da1e714e87f37
- 03:27:32.762 INFO: GET 200 /doArena.php?key=1bbd1460d04c5580bd6da1e714e87f37&hero=0
- 03:27:34.775 INFO: GET 304 /jquery/demos/css/themes/default/images/ajax-loader.gif
- 03:27:35.274 INFO: GET 304 /jquery/demos/css/themes/default/images/ajax-loader.gif
- 03:27:37.239 INFO: GET 200 /doVisit.php?key=1bbd1460d04c5580bd6da1e714e87f37
- 03:27:38.550 INFO: GET 200 /doArena.php?key=1bbd1460d04c5580bd6da1e714e87f37&hero=0
- 03:27:39.767 INFO: GET 304 /jquery/demos/css/themes/default/images/ajax-loader.gif
- 03:27:40.281 INFO: GET 304 /jquery/demos/css/themes/default/images/ajax-loader.gif
- 03:27:42.231 INFO: GET 200 /doVisit.php?key=1bbd1460d04c5580bd6da1e714e87f37
- 03:27:42.777 INFO: GET 200 /doArena.php?key=1bbd1460d04c5580bd6da1e714e87f37&hero=0
- 03:27:44.774 INFO: GET 304 /jquery/demos/css/themes/default/images/ajax-loader.gif
- 03:27:45.273 INFO: GET 304 /jquery/demos/css/themes/default/images/ajax-loader.gif
- 03:27:47.223 INFO: GET 200 /doVisit.php?key=1bbd1460d04c5580bd6da1e714e87f37
- 03:27:48.549 INFO: GET 200 /doArena.php?key=1bbd1460d04c5580bd6da1e714e87f37&hero=0
- 03:27:49.766 INFO: GET 304 /jquery/demos/css/themes/default/images/ajax-loader.gif
- 03:27:50.281 INFO: GET 304 /jquery/demos/css/themes/default/images/ajax-loader.gif
- 03:27:52.278 INFO: GET 200 /doVisit.php?key=1bbd1460d04c5580bd6da1e714e87f37
- 03:27:53.557 INFO: GET 200 /doArena.php?key=1bbd1460d04c5580bd6da1e714e87f37&hero=0
- 03:27:54.774 INFO: GET 304 /jquery/demos/css/themes/default/images/ajax-loader.gif
- 03:27:55.273 INFO: GET 304 /jquery/demos/css/themes/default/images/ajax-loader.gif
- 03:27:57.270 INFO: GET 200 /doVisit.php?key=1bbd1460d04c5580bd6da1e714e87f37
- 03:27:58.565 INFO: GET 200 /doArena.php?key=1bbd1460d04c5580bd6da1e714e87f37&hero=0
- 03:27:59.766 INFO: GET 304 /jquery/demos/css/themes/default/images/ajax-loader.gif
- 03:28:00.281 INFO: GET 304 /jquery/demos/css/themes/default/images/ajax-loader.gif
- 03:28:04.774 INFO: GET 304 /jquery/demos/css/themes/default/images/ajax-loader.gif
- 03:28:05.273 INFO: GET 304 /jquery/demos/css/themes/default/images/ajax-loader.gif
- 03:28:06.614 INFO: GET 200 /doArena.php?key=1bbd1460d04c5580bd6da1e714e87f37&hero=0
- 03:28:07.519 INFO: GET 200 /doVisit.php?key=1bbd1460d04c5580bd6da1e714e87f37
- 03:28:09.766 INFO: GET 304 /jquery/demos/css/themes/default/images/ajax-loader.gif
- 03:28:10.280 INFO: GET 304 /jquery/demos/css/themes/default/images/ajax-loader.gif
- 03:28:12.792 INFO: GET 200 /doArena.php?key=1bbd1460d04c5580bd6da1e714e87f37&hero=0
- 03:28:12.057 INFO: GET 200 /doVisit.php?key=1bbd1460d04c5580bd6da1e714e87f37
- 03:28:14.773 INFO: GET 304 /jquery/demos/css/themes/default/images/ajax-loader.gif
- 03:28:15.272 INFO: GET 304 /jquery/demos/css/themes/default/images/ajax-loader.gif
- 03:28:17.222 INFO: GET 200 /doVisit.php?key=1bbd1460d04c5580bd6da1e714e87f37
- 03:28:18.533 INFO: GET 200 /doArena.php?key=1bbd1460d04c5580bd6da1e714e87f37&hero=0
- 03:28:19.765 INFO: GET 304 /jquery/demos/css/themes/default/images/ajax-loader.gif
- 03:28:20.280 INFO: GET 304 /jquery/demos/css/themes/default/images/ajax-loader.gif
- 03:28:22.230 INFO: GET 200 /doVisit.php?key=1bbd1460d04c5580bd6da1e714e87f37
- 03:28:22.760 INFO: GET 200 /doArena.php?key=1bbd1460d04c5580bd6da1e714e87f37&hero=0
- 03:28:24.773 INFO: GET 304 /jquery/demos/css/themes/default/images/ajax-loader.gif
- 03:28:25.272 INFO: GET 304 /jquery/demos/css/themes/default/images/ajax-loader.gif
- 03:28:27.253 INFO: GET 200 /doVisit.php?key=1bbd1460d04c5580bd6da1e714e87f37
- 03:28:27.737 INFO: GET 200 /doArena.php?key=1bbd1460d04c5580bd6da1e714e87f37&hero=0
- 03:28:29.765 INFO: GET 304 /jquery/demos/css/themes/default/images/ajax-loader.gif
- 03:28:30.264 INFO: GET 304 /jquery/demos/css/themes/default/images/ajax-loader.gif
- 03:28:33.961 INFO: GET 200 /doVisit.php?key=1bbd1460d04c5580bd6da1e714e87f37
- 03:28:34.773 INFO: GET 200 /doArena.php?key=1bbd1460d04c5580bd6da1e714e87f37&hero=0
- 03:28:34.773 INFO: GET 304 /jquery/demos/css/themes/default/images/ajax-loader.gif
- 03:28:35.272 INFO: GET 304 /jquery/demos/css/themes/default/images/ajax-loader.gif
- 03:28:37.300 INFO: GET 200 /doVisit.php?key=1bbd1460d04c5580bd6da1e714e87f37
- 03:28:38.579 INFO: GET 200 /doArena.php?key=1bbd1460d04c5580bd6da1e714e87f37&hero=0
- 03:28:39.780 INFO: GET 304 /jquery/demos/css/themes/default/images/ajax-loader.gif
- 03:28:40.279 INFO: GET 304 /jquery/demos/css/themes/default/images/ajax-loader.gif
- 03:28:43.509 INFO: GET 200 /doVisit.php?key=1bbd1460d04c5580bd6da1e714e87f37
- 03:28:44.351 INFO: GET 200 /doArena.php?key=1bbd1460d04c5580bd6da1e714e87f37&hero=0
- 03:28:44.772 INFO: GET 304 /jquery/demos/css/themes/default/images/ajax-loader.gif
- 03:28:45.271 INFO: GET 304 /jquery/demos/css/themes/default/images/ajax-loader.gif
- 03:28:47.268 INFO: GET 200 /doVisit.php?key=1bbd1460d04c5580bd6da1e714e87f37
- 03:28:47.783 INFO: GET 200 /doArena.php?key=1bbd1460d04c5580bd6da1e714e87f37&hero=0
- 03:28:49.780 INFO: GET 304 /jquery/demos/css/themes/default/images/ajax-loader.gif
- 03:28:50.263 INFO: GET 304 /jquery/demos/css/themes/default/images/ajax-loader.gif
- 03:28:52.229 INFO: GET 200 /doVisit.php?key=1bbd1460d04c5580bd6da1e714e87f37
- 03:28:53.555 INFO: GET 200 /doArena.php?key=1bbd1460d04c5580bd6da1e714e87f37&hero=0
- 03:28:54.772 INFO: GET 304 /jquery/demos/css/themes/default/images/ajax-loader.gif
- 03:28:55.271 INFO: GET 304 /jquery/demos/css/themes/default/images/ajax-loader.gif
- 03:28:57.221 INFO: GET 200 /doVisit.php?key=1bbd1460d04c5580bd6da1e714e87f37
- 03:28:58.547 INFO: GET 200 /doArena.php?key=1bbd1460d04c5580bd6da1e714e87f37&hero=0
- 03:28:59.780 INFO: GET 304 /jquery/demos/css/themes/default/images/ajax-loader.gif
- 03:29:00.279 INFO: GET 304 /jquery/demos/css/themes/default/images/ajax-loader.gif
- 03:29:02.213 INFO: GET 200 /doVisit.php?key=1bbd1460d04c5580bd6da1e714e87f37
- 03:29:02.447 DEBUG: WM_DESTROY
- 03:29:02.447 DEBUG: RemoveBrowserWindow(): hwnd = 402756
- 03:29:02.447 INFO: Stopping Mongoose web server
- 03:29:02.447 DEBUG: Mongoose webserver stopped immediately
- 03:29:02.447 DEBUG: RemoveBrowserWindow(): hwnd = 861450
- 03:29:02.447 DEBUG: GetBrowserWindow(): not found, hwnd = 861450
- 03:29:02.447 WARNING: RemoveBrowserWindow() failed: GetBrowserWindow() failed
- 03:29:02.354 DEBUG: OnBrowserDestroyed()
- 03:29:02.494 INFO: Ended application
- 03:29:02.494 INFO: --------------------------------------------------------
- 03:29:13.000 INFO: --------------------------------------------------------
- 03:29:13.000 INFO: Started application
- 03:29:13.000 INFO: Logging to: C:\temp\Applications\PortableGit\repository\phpdesktop\debug.log
- 03:29:13.000 INFO: Log level = DEBUG4
- 03:29:13.000 INFO: Starting Mongoose 3.9c web server
- 03:29:13.000 INFO: WWW directory: C:\temp\Applications\PortableGit\repository\phpdesktop\www
- 03:29:13.000 INFO: Index files: index.html,index.php
- 03:29:13.000 INFO: CGI interpreter: C:\temp\Applications\PortableGit\repository\phpdesktop\php\php-cgi.exe
- 03:29:13.000 INFO: CGI pattern: **.php$
- 03:29:13.000 DEBUG: The temp directory returned by OS contains unicode characters: C:\Users\IBM_AD~1\AppData\Local\Temp\
- 03:29:13.000 INFO: CGI environment variables set: TMP=C:\windows\Temp,TEMP=C:\windows\Temp,TMPDIR=C:\windows\Temp,SERVER_NAME=127.0.0.1,PHPDESKTOP_VERSION=31.8
- 03:29:13.016 INFO: Web server url: http://127.0.0.1:55016/
- 03:29:13.016 INFO: remote_debugging_port = 64836
- 03:29:13.016 DEBUG: Command line string for the browser process: "C:\temp\Applications\PortableGit\repository\phpdesktop\jay-bot.exe" --lang=en-US --log-file="C:\temp\Applications\PortableGit\repository\phpdesktop\debug.log" --remote-debugging-port=64836 --no-sandbox
- 03:29:13.063 DEBUG: App::OnContextInitialized()
- 03:29:13.063 DEBUG: Window max width/height = 1278/684
- 03:29:13.063 DEBUG: GetBrowserWindow(): not found, hwnd = 2037440
- 03:29:13.063 DEBUG: WindowProc(): event WM_GETMINMAXINFO: could not fetch BrowserWindow
- 03:29:13.063 DEBUG: BrowserWindow::CreateBrowserControl()
- 03:29:13.063 DEBUG: StoreBrowserWindow(): hwnd = 2037440
- 03:29:13.063 DEBUG: BrowserWindow::OnSize() failed: CefBrowser object not created yet
- 03:29:13.078 DEBUG: ClientHandler::OnAfterCreated()
- 03:29:13.078 DEBUG: SetCefBrowser() called in ClientHandler::OnAfterCreated()
- 03:29:13.078 INFO: DPI, ppix = 96, ppiy = 96
- 03:29:13.078 INFO: DPI, browser zoom level = 0
- 03:29:13.016 DEBUG: Command line string for the gpu-process process: "C:\temp\Applications\PortableGit\repository\phpdesktop\jay-bot.exe" --type=gpu-process --channel="8016.0.888530387\810580878" --no-sandbox --lang=en-US --log-file="C:\temp\Applications\PortableGit\repository\phpdesktop\debug.log" --disable-d3d11 --supports-dual-gpus=false --gpu-driver-bug-workarounds=0,3,5,12,22 --gpu-vendor-id=0x8086 --gpu-device-id=0x1616 --gpu-driver-vendor="Intel Corporation" --gpu-driver-version=10.18.14.4029 --lang=en-US --log-file="C:\temp\Applications\PortableGit\repository\phpdesktop\debug.log" /prefetch:822062411
- 03:29:13.110 DEBUG: OnLoadingStateChange: loading=1, url=
- 03:29:13.000 DEBUG: Command line string for the renderer process: "C:\temp\Applications\PortableGit\repository\phpdesktop\jay-bot.exe" --type=renderer --no-sandbox --lang=en-US --lang=en-US --log-file="C:\temp\Applications\PortableGit\repository\phpdesktop\debug.log" --channel="8016.1.1976238823\1052437182" /prefetch:673131151
- 03:29:13.016 DEBUG: OnBrowserCreated()
- 03:29:13.312 INFO: GET 200 /
- 03:29:13.156 DEBUG: OnContextCreated()
- 03:29:13.344 INFO: GET 200 /jquery/demos/_assets/js/index.js
- 03:29:13.375 INFO: GET 200 /jquery/demos/css/themes/default/jquery.mobile-1.4.5.min.css
- 03:29:13.375 INFO: GET 200 /jquery/demos/js/jquery.mobile-1.4.5.min.js
- 03:29:13.375 INFO: GET 200 /jquery/demos/js/jquery.js
- 03:29:13.531 INFO: GET 200 /jquery/demos/css/themes/default/images/ajax-loader.gif
[0218/032913:INFO:CONSOLE(0)] "event.returnValue is deprecated. Please use the standard event.preventDefault() instead.", source:  (0)
- 03:29:18.164 DEBUG: OnLoadingStateChange: loading=0, url=http://127.0.0.1:55016/
- 03:29:27.025 INFO: GET 200 /login.php?uname=jaytester&pass=jaytester
- 03:29:29.756 INFO: GET 200 /getHero.php?key=7cac34cc114a97ea1f3193029f8d48bb
- 03:30:06.900 DEBUG: WM_DESTROY
- 03:30:06.900 DEBUG: RemoveBrowserWindow(): hwnd = 2037440
- 03:30:06.900 INFO: Stopping Mongoose web server
- 03:30:06.900 DEBUG: Mongoose webserver stopped immediately
- 03:30:06.916 DEBUG: RemoveBrowserWindow(): hwnd = 533864
- 03:30:06.916 DEBUG: GetBrowserWindow(): not found, hwnd = 533864
- 03:30:06.916 WARNING: RemoveBrowserWindow() failed: GetBrowserWindow() failed
- 03:30:06.791 DEBUG: OnBrowserDestroyed()
- 03:30:06.947 INFO: Ended application
- 03:30:06.947 INFO: --------------------------------------------------------
- 03:30:07.000 INFO: --------------------------------------------------------
- 03:30:07.000 INFO: Started application
- 03:30:07.000 INFO: Logging to: C:\temp\Applications\PortableGit\repository\phpdesktop\debug.log
- 03:30:07.000 INFO: Log level = DEBUG4
- 03:30:07.000 INFO: Starting Mongoose 3.9c web server
- 03:30:07.000 INFO: WWW directory: C:\temp\Applications\PortableGit\repository\phpdesktop\www
- 03:30:07.000 INFO: Index files: index.html,index.php
- 03:30:07.000 INFO: CGI interpreter: C:\temp\Applications\PortableGit\repository\phpdesktop\php\php-cgi.exe
- 03:30:07.000 INFO: CGI pattern: **.php$
- 03:30:07.000 DEBUG: The temp directory returned by OS contains unicode characters: C:\Users\IBM_AD~1\AppData\Local\Temp\
- 03:30:07.000 INFO: CGI environment variables set: TMP=C:\windows\Temp,TEMP=C:\windows\Temp,TMPDIR=C:\windows\Temp,SERVER_NAME=127.0.0.1,PHPDESKTOP_VERSION=31.8
- 03:30:07.016 INFO: Web server url: http://127.0.0.1:55039/
- 03:30:07.016 INFO: remote_debugging_port = 61220
- 03:30:07.016 DEBUG: Command line string for the browser process: "C:\temp\Applications\PortableGit\repository\phpdesktop\jay-bot.exe" --lang=en-US --log-file="C:\temp\Applications\PortableGit\repository\phpdesktop\debug.log" --remote-debugging-port=61220 --no-sandbox
- 03:30:07.047 DEBUG: App::OnContextInitialized()
- 03:30:07.047 DEBUG: Window max width/height = 1278/684
- 03:30:07.047 DEBUG: GetBrowserWindow(): not found, hwnd = 2368808
- 03:30:07.047 DEBUG: WindowProc(): event WM_GETMINMAXINFO: could not fetch BrowserWindow
- 03:30:07.047 DEBUG: BrowserWindow::CreateBrowserControl()
- 03:30:07.047 DEBUG: StoreBrowserWindow(): hwnd = 2368808
- 03:30:07.063 DEBUG: BrowserWindow::OnSize() failed: CefBrowser object not created yet
- 03:30:07.078 DEBUG: ClientHandler::OnAfterCreated()
- 03:30:07.078 DEBUG: SetCefBrowser() called in ClientHandler::OnAfterCreated()
- 03:30:07.078 INFO: DPI, ppix = 96, ppiy = 96
- 03:30:07.078 INFO: DPI, browser zoom level = 0
- 03:30:07.094 DEBUG: OnLoadingStateChange: loading=1, url=
- 03:30:07.000 DEBUG: Command line string for the gpu-process process: "C:\temp\Applications\PortableGit\repository\phpdesktop\jay-bot.exe" --type=gpu-process --channel="6492.0.400294911\1890947140" --no-sandbox --lang=en-US --log-file="C:\temp\Applications\PortableGit\repository\phpdesktop\debug.log" --disable-d3d11 --supports-dual-gpus=false --gpu-driver-bug-workarounds=0,3,5,12,22 --gpu-vendor-id=0x8086 --gpu-device-id=0x1616 --gpu-driver-vendor="Intel Corporation" --gpu-driver-version=10.18.14.4029 --lang=en-US --log-file="C:\temp\Applications\PortableGit\repository\phpdesktop\debug.log" /prefetch:822062411
- 03:30:07.016 DEBUG: Command line string for the renderer process: "C:\temp\Applications\PortableGit\repository\phpdesktop\jay-bot.exe" --type=renderer --no-sandbox --lang=en-US --lang=en-US --log-file="C:\temp\Applications\PortableGit\repository\phpdesktop\debug.log" --channel="6492.1.1824526146\1058830775" /prefetch:673131151
- 03:30:07.031 DEBUG: OnBrowserCreated()
- 03:30:07.312 INFO: GET 200 /
- 03:30:07.187 DEBUG: OnContextCreated()
- 03:30:07.344 INFO: GET 200 /jquery/demos/_assets/js/index.js
- 03:30:08.375 INFO: GET 200 /jquery/demos/js/jquery.mobile-1.4.5.min.js
- 03:30:08.375 INFO: GET 200 /jquery/demos/css/themes/default/jquery.mobile-1.4.5.min.css
- 03:30:08.390 INFO: GET 200 /jquery/demos/js/jquery.js
- 03:30:08.546 INFO: GET 200 /jquery/demos/css/themes/default/images/ajax-loader.gif
[0218/033008:INFO:CONSOLE(0)] "event.returnValue is deprecated. Please use the standard event.preventDefault() instead.", source:  (0)
- 03:30:09.184 DEBUG: OnLoadingStateChange: loading=0, url=http://127.0.0.1:55039/
- 03:30:13.053 INFO: GET 200 /login.php?uname=jaytester&pass=jaytester
- 03:30:15.754 INFO: GET 200 /getHero.php?key=26d64e82742e1b8966133e8a9bd5fa7f
- 03:30:28.514 INFO: GET 200 /doVisit.php?key=26d64e82742e1b8966133e8a9bd5fa7f
- 03:30:33.663 INFO: GET 200 /doVisit.php?key=26d64e82742e1b8966133e8a9bd5fa7f
- 03:30:37.124 INFO: GET 200 /doVisit.php?key=26d64e82742e1b8966133e8a9bd5fa7f
- 03:30:37.249 INFO: GET 200 /doArena.php?key=26d64e82742e1b8966133e8a9bd5fa7f&hero=0
- 03:30:42.461 INFO: GET 200 /doArena.php?key=26d64e82742e1b8966133e8a9bd5fa7f&hero=0
- 03:30:42.147 INFO: GET 200 /doVisit.php?key=26d64e82742e1b8966133e8a9bd5fa7f
- 03:30:47.437 INFO: GET 200 /doArena.php?key=26d64e82742e1b8966133e8a9bd5fa7f&hero=0
- 03:30:48.919 INFO: GET 200 /doVisit.php?key=26d64e82742e1b8966133e8a9bd5fa7f
- 03:30:52.241 INFO: GET 200 /doArena.php?key=26d64e82742e1b8966133e8a9bd5fa7f&hero=0
- 03:30:53.927 INFO: GET 200 /doVisit.php?key=26d64e82742e1b8966133e8a9bd5fa7f
- 03:30:58.013 INFO: GET 200 /doArena.php?key=26d64e82742e1b8966133e8a9bd5fa7f&hero=0
- 03:31:00.541 INFO: GET 200 /doVisit.php?key=26d64e82742e1b8966133e8a9bd5fa7f
- 03:31:02.131 INFO: GET 200 /doVisit.php?key=26d64e82742e1b8966133e8a9bd5fa7f
- 03:31:02.240 INFO: GET 200 /doArena.php?key=26d64e82742e1b8966133e8a9bd5fa7f&hero=0
- 03:31:07.437 INFO: GET 200 /doArena.php?key=26d64e82742e1b8966133e8a9bd5fa7f&hero=0
- 03:31:07.170 INFO: GET 200 /doVisit.php?key=26d64e82742e1b8966133e8a9bd5fa7f
- 03:31:12.429 INFO: GET 200 /doArena.php?key=26d64e82742e1b8966133e8a9bd5fa7f&hero=0
- 03:31:12.131 INFO: GET 200 /doVisit.php?key=26d64e82742e1b8966133e8a9bd5fa7f
- 03:31:14.956 INFO: GET 304 /jquery/demos/css/themes/default/images/ajax-loader.gif
- 03:31:15.658 INFO: GET 304 /jquery/demos/css/themes/default/images/ajax-loader.gif
- 03:31:17.123 INFO: GET 200 /doVisit.php?key=26d64e82742e1b8966133e8a9bd5fa7f
- 03:31:17.248 INFO: GET 200 /doArena.php?key=26d64e82742e1b8966133e8a9bd5fa7f&hero=0
- 03:31:19.964 INFO: GET 304 /jquery/demos/css/themes/default/images/ajax-loader.gif
- 03:31:20.666 INFO: GET 304 /jquery/demos/css/themes/default/images/ajax-loader.gif
- 03:31:22.130 INFO: GET 200 /doVisit.php?key=26d64e82742e1b8966133e8a9bd5fa7f
- 03:31:22.255 INFO: GET 200 /doArena.php?key=26d64e82742e1b8966133e8a9bd5fa7f&hero=0
- 03:31:24.956 INFO: GET 304 /jquery/demos/css/themes/default/images/ajax-loader.gif
- 03:31:25.658 INFO: GET 304 /jquery/demos/css/themes/default/images/ajax-loader.gif
- 03:31:27.138 INFO: GET 200 /doVisit.php?key=26d64e82742e1b8966133e8a9bd5fa7f
- 03:31:27.263 INFO: GET 200 /doArena.php?key=26d64e82742e1b8966133e8a9bd5fa7f&hero=0
- 03:31:29.963 INFO: GET 304 /jquery/demos/css/themes/default/images/ajax-loader.gif
- 03:31:30.665 INFO: GET 304 /jquery/demos/css/themes/default/images/ajax-loader.gif
- 03:31:33.676 INFO: GET 200 /doVisit.php?key=26d64e82742e1b8966133e8a9bd5fa7f
- 03:31:33.957 INFO: GET 200 /doArena.php?key=26d64e82742e1b8966133e8a9bd5fa7f&hero=0
- 03:31:34.955 INFO: GET 304 /jquery/demos/css/themes/default/images/ajax-loader.gif
- 03:31:35.657 INFO: GET 304 /jquery/demos/css/themes/default/images/ajax-loader.gif
- 03:31:37.467 INFO: GET 200 /doArena.php?key=26d64e82742e1b8966133e8a9bd5fa7f&hero=0
- 03:31:37.122 INFO: GET 200 /doVisit.php?key=26d64e82742e1b8966133e8a9bd5fa7f
- 03:31:39.963 INFO: GET 304 /jquery/demos/css/themes/default/images/ajax-loader.gif
- 03:31:40.665 INFO: GET 304 /jquery/demos/css/themes/default/images/ajax-loader.gif
- 03:31:43.691 INFO: GET 200 /doVisit.php?key=26d64e82742e1b8966133e8a9bd5fa7f
- 03:31:43.691 INFO: GET 200 /doArena.php?key=26d64e82742e1b8966133e8a9bd5fa7f&hero=0
- 03:31:44.955 INFO: GET 304 /jquery/demos/css/themes/default/images/ajax-loader.gif
- 03:31:45.657 INFO: GET 304 /jquery/demos/css/themes/default/images/ajax-loader.gif
- 03:31:47.122 INFO: GET 200 /doVisit.php?key=26d64e82742e1b8966133e8a9bd5fa7f
- 03:31:47.340 INFO: GET 200 /doArena.php?key=26d64e82742e1b8966133e8a9bd5fa7f&hero=0
- 03:31:49.963 INFO: GET 304 /jquery/demos/css/themes/default/images/ajax-loader.gif
- 03:31:50.665 INFO: GET 304 /jquery/demos/css/themes/default/images/ajax-loader.gif
- 03:31:52.145 INFO: GET 200 /doVisit.php?key=26d64e82742e1b8966133e8a9bd5fa7f
- 03:31:52.254 INFO: GET 200 /doArena.php?key=26d64e82742e1b8966133e8a9bd5fa7f&hero=0
- 03:31:54.955 INFO: GET 304 /jquery/demos/css/themes/default/images/ajax-loader.gif
- 03:31:55.657 INFO: GET 304 /jquery/demos/css/themes/default/images/ajax-loader.gif
- 03:31:57.435 INFO: GET 200 /doArena.php?key=26d64e82742e1b8966133e8a9bd5fa7f&hero=0
- 03:31:57.137 INFO: GET 200 /doVisit.php?key=26d64e82742e1b8966133e8a9bd5fa7f
- 03:31:59.962 INFO: GET 304 /jquery/demos/css/themes/default/images/ajax-loader.gif
- 03:32:00.664 INFO: GET 304 /jquery/demos/css/themes/default/images/ajax-loader.gif
- 03:32:02.113 INFO: GET 200 /doVisit.php?key=26d64e82742e1b8966133e8a9bd5fa7f
- 03:32:02.254 INFO: GET 200 /doArena.php?key=26d64e82742e1b8966133e8a9bd5fa7f&hero=0
- 03:32:04.970 INFO: GET 304 /jquery/demos/css/themes/default/images/ajax-loader.gif
- 03:32:05.656 INFO: GET 304 /jquery/demos/css/themes/default/images/ajax-loader.gif
- 03:32:07.137 INFO: GET 200 /doVisit.php?key=26d64e82742e1b8966133e8a9bd5fa7f
- 03:32:08.402 INFO: GET 200 /doArena.php?key=26d64e82742e1b8966133e8a9bd5fa7f&hero=0
- 03:32:09.962 INFO: GET 304 /jquery/demos/css/themes/default/images/ajax-loader.gif
- 03:32:10.664 INFO: GET 304 /jquery/demos/css/themes/default/images/ajax-loader.gif
- 03:32:12.489 INFO: GET 200 /doArena.php?key=26d64e82742e1b8966133e8a9bd5fa7f&hero=0
- 03:32:12.129 INFO: GET 200 /doVisit.php?key=26d64e82742e1b8966133e8a9bd5fa7f
- 03:32:14.970 INFO: GET 304 /jquery/demos/css/themes/default/images/ajax-loader.gif
- 03:32:15.656 INFO: GET 304 /jquery/demos/css/themes/default/images/ajax-loader.gif
- 03:32:17.466 INFO: GET 200 /doArena.php?key=26d64e82742e1b8966133e8a9bd5fa7f&hero=0
- 03:32:17.121 INFO: GET 200 /doVisit.php?key=26d64e82742e1b8966133e8a9bd5fa7f
- 03:32:19.962 INFO: GET 304 /jquery/demos/css/themes/default/images/ajax-loader.gif
- 03:32:20.664 INFO: GET 304 /jquery/demos/css/themes/default/images/ajax-loader.gif
- 03:32:22.473 INFO: GET 200 /doArena.php?key=26d64e82742e1b8966133e8a9bd5fa7f&hero=0
- 03:32:22.128 INFO: GET 200 /doVisit.php?key=26d64e82742e1b8966133e8a9bd5fa7f
- 03:32:24.969 INFO: GET 304 /jquery/demos/css/themes/default/images/ajax-loader.gif
- 03:32:25.656 INFO: GET 304 /jquery/demos/css/themes/default/images/ajax-loader.gif
- 03:32:27.167 INFO: GET 200 /doVisit.php?key=26d64e82742e1b8966133e8a9bd5fa7f
- 03:32:27.245 INFO: GET 200 /doArena.php?key=26d64e82742e1b8966133e8a9bd5fa7f&hero=0
- 03:32:29.961 INFO: GET 304 /jquery/demos/css/themes/default/images/ajax-loader.gif
- 03:32:30.663 INFO: GET 304 /jquery/demos/css/themes/default/images/ajax-loader.gif
- 03:32:33.456 INFO: GET 200 /doVisit.php?key=26d64e82742e1b8966133e8a9bd5fa7f
- 03:32:33.002 INFO: GET 200 /doArena.php?key=26d64e82742e1b8966133e8a9bd5fa7f&hero=0
- 03:32:34.969 INFO: GET 304 /jquery/demos/css/themes/default/images/ajax-loader.gif
- 03:32:35.655 INFO: GET 304 /jquery/demos/css/themes/default/images/ajax-loader.gif
- 03:32:37.449 INFO: GET 200 /doArena.php?key=26d64e82742e1b8966133e8a9bd5fa7f&hero=0
- 03:32:37.120 INFO: GET 200 /doVisit.php?key=26d64e82742e1b8966133e8a9bd5fa7f
- 03:32:39.961 INFO: GET 304 /jquery/demos/css/themes/default/images/ajax-loader.gif
- 03:32:40.663 INFO: GET 304 /jquery/demos/css/themes/default/images/ajax-loader.gif
- 03:32:42.128 INFO: GET 200 /doVisit.php?key=26d64e82742e1b8966133e8a9bd5fa7f
- 03:32:42.253 INFO: GET 200 /doArena.php?key=26d64e82742e1b8966133e8a9bd5fa7f&hero=0
- 03:32:44.969 INFO: GET 304 /jquery/demos/css/themes/default/images/ajax-loader.gif
- 03:32:45.655 INFO: GET 304 /jquery/demos/css/themes/default/images/ajax-loader.gif
- 03:32:47.449 INFO: GET 200 /doArena.php?key=26d64e82742e1b8966133e8a9bd5fa7f&hero=0
- 03:32:47.120 INFO: GET 200 /doVisit.php?key=26d64e82742e1b8966133e8a9bd5fa7f
- 03:32:49.976 INFO: GET 304 /jquery/demos/css/themes/default/images/ajax-loader.gif
- 03:32:50.663 INFO: GET 304 /jquery/demos/css/themes/default/images/ajax-loader.gif
- 03:32:52.112 INFO: GET 200 /doVisit.php?key=26d64e82742e1b8966133e8a9bd5fa7f
- 03:32:52.221 INFO: GET 200 /doArena.php?key=26d64e82742e1b8966133e8a9bd5fa7f&hero=0
- 03:32:54.968 INFO: GET 304 /jquery/demos/css/themes/default/images/ajax-loader.gif
- 03:32:55.655 INFO: GET 304 /jquery/demos/css/themes/default/images/ajax-loader.gif
- 03:32:57.480 INFO: GET 200 /doArena.php?key=26d64e82742e1b8966133e8a9bd5fa7f&hero=0
- 03:32:57.197 INFO: GET 200 /doVisit.php?key=26d64e82742e1b8966133e8a9bd5fa7f
- 03:32:59.976 INFO: GET 304 /jquery/demos/css/themes/default/images/ajax-loader.gif
- 03:33:00.662 INFO: GET 304 /jquery/demos/css/themes/default/images/ajax-loader.gif
- 03:33:02.143 INFO: GET 200 /doVisit.php?key=26d64e82742e1b8966133e8a9bd5fa7f
- 03:33:02.236 INFO: GET 200 /doArena.php?key=26d64e82742e1b8966133e8a9bd5fa7f&hero=0
- 03:33:04.968 INFO: GET 304 /jquery/demos/css/themes/default/images/ajax-loader.gif
- 03:33:05.654 INFO: GET 304 /jquery/demos/css/themes/default/images/ajax-loader.gif
- 03:33:07.119 INFO: GET 200 /doVisit.php?key=26d64e82742e1b8966133e8a9bd5fa7f
- 03:33:07.259 INFO: GET 200 /doArena.php?key=26d64e82742e1b8966133e8a9bd5fa7f&hero=0
- 03:33:09.960 INFO: GET 304 /jquery/demos/css/themes/default/images/ajax-loader.gif
- 03:33:10.662 INFO: GET 304 /jquery/demos/css/themes/default/images/ajax-loader.gif
- 03:33:12.111 INFO: GET 200 /doVisit.php?key=26d64e82742e1b8966133e8a9bd5fa7f
- 03:33:12.252 INFO: GET 200 /doArena.php?key=26d64e82742e1b8966133e8a9bd5fa7f&hero=0
- 03:33:14.968 INFO: GET 304 /jquery/demos/css/themes/default/images/ajax-loader.gif
- 03:33:15.654 INFO: GET 304 /jquery/demos/css/themes/default/images/ajax-loader.gif
- 03:33:17.464 INFO: GET 200 /doArena.php?key=26d64e82742e1b8966133e8a9bd5fa7f&hero=0
- 03:33:18.914 INFO: GET 200 /doVisit.php?key=26d64e82742e1b8966133e8a9bd5fa7f
- 03:33:19.975 INFO: GET 304 /jquery/demos/css/themes/default/images/ajax-loader.gif
- 03:33:20.662 INFO: GET 304 /jquery/demos/css/themes/default/images/ajax-loader.gif
- 03:33:22.440 INFO: GET 200 /doArena.php?key=26d64e82742e1b8966133e8a9bd5fa7f&hero=0
- 03:33:22.126 INFO: GET 200 /doVisit.php?key=26d64e82742e1b8966133e8a9bd5fa7f
- 03:33:24.967 INFO: GET 304 /jquery/demos/css/themes/default/images/ajax-loader.gif
- 03:33:25.669 INFO: GET 304 /jquery/demos/css/themes/default/images/ajax-loader.gif
- 03:33:27.134 INFO: GET 200 /doVisit.php?key=26d64e82742e1b8966133e8a9bd5fa7f
- 03:33:27.243 INFO: GET 200 /doArena.php?key=26d64e82742e1b8966133e8a9bd5fa7f&hero=0
- 03:33:29.975 INFO: GET 304 /jquery/demos/css/themes/default/images/ajax-loader.gif
- 03:33:30.661 INFO: GET 304 /jquery/demos/css/themes/default/images/ajax-loader.gif
- 03:33:32.220 INFO: GET 200 /doVisit.php?key=26d64e82742e1b8966133e8a9bd5fa7f
- 03:33:32.251 INFO: GET 200 /doArena.php?key=26d64e82742e1b8966133e8a9bd5fa7f&hero=0
- 03:33:34.967 INFO: GET 304 /jquery/demos/css/themes/default/images/ajax-loader.gif
- 03:33:35.653 INFO: GET 304 /jquery/demos/css/themes/default/images/ajax-loader.gif
- 03:33:37.212 INFO: GET 200 /doVisit.php?key=26d64e82742e1b8966133e8a9bd5fa7f
- 03:33:37.258 INFO: GET 200 /doArena.php?key=26d64e82742e1b8966133e8a9bd5fa7f&hero=0
- 03:33:39.974 INFO: GET 304 /jquery/demos/css/themes/default/images/ajax-loader.gif
- 03:33:40.661 INFO: GET 304 /jquery/demos/css/themes/default/images/ajax-loader.gif
- 03:33:42.141 INFO: GET 200 /doVisit.php?key=26d64e82742e1b8966133e8a9bd5fa7f
- 03:33:42.266 INFO: GET 200 /doArena.php?key=26d64e82742e1b8966133e8a9bd5fa7f&hero=0
- 03:33:44.967 INFO: GET 304 /jquery/demos/css/themes/default/images/ajax-loader.gif
- 03:33:45.653 INFO: GET 304 /jquery/demos/css/themes/default/images/ajax-loader.gif
- 03:33:47.149 INFO: GET 200 /doVisit.php?key=26d64e82742e1b8966133e8a9bd5fa7f
- 03:33:47.258 INFO: GET 200 /doArena.php?key=26d64e82742e1b8966133e8a9bd5fa7f&hero=0
- 03:33:49.974 INFO: GET 304 /jquery/demos/css/themes/default/images/ajax-loader.gif
- 03:33:50.661 INFO: GET 304 /jquery/demos/css/themes/default/images/ajax-loader.gif
- 03:33:52.470 INFO: GET 200 /doArena.php?key=26d64e82742e1b8966133e8a9bd5fa7f&hero=0
- 03:33:52.125 INFO: GET 200 /doVisit.php?key=26d64e82742e1b8966133e8a9bd5fa7f
- 03:33:54.982 INFO: GET 304 /jquery/demos/css/themes/default/images/ajax-loader.gif
- 03:33:55.653 INFO: GET 304 /jquery/demos/css/themes/default/images/ajax-loader.gif
- 03:33:57.883 INFO: GET 200 /doArena.php?key=26d64e82742e1b8966133e8a9bd5fa7f&hero=0
- 03:33:57.133 INFO: GET 200 /doVisit.php?key=26d64e82742e1b8966133e8a9bd5fa7f
- 03:33:59.974 INFO: GET 304 /jquery/demos/css/themes/default/images/ajax-loader.gif
- 03:34:00.660 INFO: GET 304 /jquery/demos/css/themes/default/images/ajax-loader.gif
- 03:34:02.156 INFO: GET 200 /doVisit.php?key=26d64e82742e1b8966133e8a9bd5fa7f
- 03:34:02.234 INFO: GET 200 /doArena.php?key=26d64e82742e1b8966133e8a9bd5fa7f&hero=0
- 03:34:04.966 INFO: GET 304 /jquery/demos/css/themes/default/images/ajax-loader.gif
- 03:34:05.652 INFO: GET 304 /jquery/demos/css/themes/default/images/ajax-loader.gif
- 03:34:09.973 INFO: GET 304 /jquery/demos/css/themes/default/images/ajax-loader.gif
- 03:34:10.660 INFO: GET 304 /jquery/demos/css/themes/default/images/ajax-loader.gif
- 03:34:10.206 INFO: GET 200 /doArena.php?key=26d64e82742e1b8966133e8a9bd5fa7f&hero=0
- 03:34:12.782 INFO: GET 200 /doVisit.php?key=26d64e82742e1b8966133e8a9bd5fa7f
- 03:34:14.981 INFO: GET 304 /jquery/demos/css/themes/default/images/ajax-loader.gif
- 03:34:15.652 INFO: GET 304 /jquery/demos/css/themes/default/images/ajax-loader.gif
- 03:34:17.477 INFO: GET 200 /doArena.php?key=26d64e82742e1b8966133e8a9bd5fa7f&hero=0
- 03:34:17.117 INFO: GET 200 /doVisit.php?key=26d64e82742e1b8966133e8a9bd5fa7f
- 03:34:19.973 INFO: GET 304 /jquery/demos/css/themes/default/images/ajax-loader.gif
- 03:34:20.660 INFO: GET 304 /jquery/demos/css/themes/default/images/ajax-loader.gif
- 03:34:22.454 INFO: GET 200 /doArena.php?key=26d64e82742e1b8966133e8a9bd5fa7f&hero=0
- 03:34:22.124 INFO: GET 200 /doVisit.php?key=26d64e82742e1b8966133e8a9bd5fa7f
- 03:34:24.981 INFO: GET 304 /jquery/demos/css/themes/default/images/ajax-loader.gif
- 03:34:25.667 INFO: GET 304 /jquery/demos/css/themes/default/images/ajax-loader.gif
- 03:34:27.461 INFO: GET 200 /doArena.php?key=26d64e82742e1b8966133e8a9bd5fa7f&hero=0
- 03:34:27.132 INFO: GET 200 /doVisit.php?key=26d64e82742e1b8966133e8a9bd5fa7f
- 03:34:29.973 INFO: GET 304 /jquery/demos/css/themes/default/images/ajax-loader.gif
- 03:34:30.659 INFO: GET 304 /jquery/demos/css/themes/default/images/ajax-loader.gif
- 03:34:32.124 INFO: GET 200 /doVisit.php?key=26d64e82742e1b8966133e8a9bd5fa7f
- 03:34:32.264 INFO: GET 200 /doArena.php?key=26d64e82742e1b8966133e8a9bd5fa7f&hero=0
- 03:34:34.965 INFO: GET 304 /jquery/demos/css/themes/default/images/ajax-loader.gif
- 03:34:35.651 INFO: GET 304 /jquery/demos/css/themes/default/images/ajax-loader.gif
- 03:34:37.461 INFO: GET 200 /doArena.php?key=26d64e82742e1b8966133e8a9bd5fa7f&hero=0
- 03:34:37.132 INFO: GET 200 /doVisit.php?key=26d64e82742e1b8966133e8a9bd5fa7f
- 03:34:39.972 INFO: GET 304 /jquery/demos/css/themes/default/images/ajax-loader.gif
- 03:34:40.659 INFO: GET 304 /jquery/demos/css/themes/default/images/ajax-loader.gif
- 03:34:42.640 INFO: GET 200 /doArena.php?key=26d64e82742e1b8966133e8a9bd5fa7f&hero=0
- 03:34:42.171 INFO: GET 200 /doVisit.php?key=26d64e82742e1b8966133e8a9bd5fa7f
- 03:34:44.980 INFO: GET 304 /jquery/demos/css/themes/default/images/ajax-loader.gif
- 03:34:45.667 INFO: GET 304 /jquery/demos/css/themes/default/images/ajax-loader.gif
- 03:34:47.178 INFO: GET 200 /doVisit.php?key=26d64e82742e1b8966133e8a9bd5fa7f
- 03:34:47.287 INFO: GET 200 /doArena.php?key=26d64e82742e1b8966133e8a9bd5fa7f&hero=0
- 03:34:49.972 INFO: GET 304 /jquery/demos/css/themes/default/images/ajax-loader.gif
- 03:34:50.659 INFO: GET 304 /jquery/demos/css/themes/default/images/ajax-loader.gif
- 03:34:52.453 INFO: GET 200 /doArena.php?key=26d64e82742e1b8966133e8a9bd5fa7f&hero=0
- 03:34:52.139 INFO: GET 200 /doVisit.php?key=26d64e82742e1b8966133e8a9bd5fa7f
- 03:34:54.980 INFO: GET 304 /jquery/demos/css/themes/default/images/ajax-loader.gif
- 03:34:55.666 INFO: GET 304 /jquery/demos/css/themes/default/images/ajax-loader.gif
- 03:34:59.972 INFO: GET 304 /jquery/demos/css/themes/default/images/ajax-loader.gif
- 03:34:59.987 INFO: GET 200 /doArena.php?key=26d64e82742e1b8966133e8a9bd5fa7f&hero=0
- 03:34:59.003 INFO: GET 200 /doVisit.php?key=26d64e82742e1b8966133e8a9bd5fa7f
- 03:35:00.658 INFO: GET 304 /jquery/demos/css/themes/default/images/ajax-loader.gif
- 03:35:02.154 INFO: GET 200 /doVisit.php?key=26d64e82742e1b8966133e8a9bd5fa7f
- 03:35:03.872 DEBUG: WM_DESTROY
- 03:35:03.872 DEBUG: RemoveBrowserWindow(): hwnd = 2368808
- 03:35:03.872 INFO: Stopping Mongoose web server
- 03:35:03.872 DEBUG: Mongoose webserver stopped immediately
- 03:35:03.872 DEBUG: RemoveBrowserWindow(): hwnd = 599400
- 03:35:03.872 DEBUG: GetBrowserWindow(): not found, hwnd = 599400
- 03:35:03.872 WARNING: RemoveBrowserWindow() failed: GetBrowserWindow() failed
- 03:35:03.762 DEBUG: OnBrowserDestroyed()
- 03:35:03.903 INFO: Ended application
- 03:35:03.903 INFO: --------------------------------------------------------
